<?xml version="1.0" encoding="UTF-8"?>
<robot generator="Robot 4.1.3 (Python 3.10.4 on win32)" generated="20220413 13:15:01.908" rpa="false" schemaversion="2">
<suite id="s1" name="Start" source="C:\Users\Mario.Doman\Desktop\MY_PROJECTS\VPP_VAGRANT_3VMS_IPERF\start.robot">
<test id="s1-t1" name="Destroy Vagrant VMs and check shutdown message">
<kw name="Run Process" library="Process">
<var>${result}</var>
<arg>vagrant destroy -f</arg>
<arg>shell=True</arg>
<arg>stdout=vm_shutdown_log.txt</arg>
<doc>Runs a process and waits for it to complete.</doc>
<msg timestamp="20220413 13:15:01.934" level="INFO">Starting process:
vagrant destroy -f</msg>
<msg timestamp="20220413 13:15:01.938" level="INFO">Waiting for process to complete.</msg>
<msg timestamp="20220413 13:15:13.395" level="INFO">Process completed.</msg>
<msg timestamp="20220413 13:15:13.395" level="INFO">${result} = &lt;result object with rc 0&gt;</msg>
<status status="PASS" starttime="20220413 13:15:01.934" endtime="20220413 13:15:13.395"/>
</kw>
<kw name="Should Contain" library="BuiltIn">
<arg>${result.stdout}</arg>
<arg>Attempting graceful shutdown of VM</arg>
<doc>Fails if ``container`` does not contain ``item`` one or more times.</doc>
<msg timestamp="20220413 13:15:13.402" level="FAIL">'==&gt; csp2s22c03: You assigned a static IP ending in ".1" to this machine.
==&gt; csp2s22c03: This is very often used by the router and can cause the
==&gt; csp2s22c03: network to not work properly. If the network doesn't work
==&gt; csp2s22c03: properly, try changing this IP.
==&gt; csp2s22c03: You assigned a static IP ending in ".1" to this machine.
==&gt; csp2s22c03: This is very often used by the router and can cause the
==&gt; csp2s22c03: network to not work properly. If the network doesn't work
==&gt; csp2s22c03: properly, try changing this IP.
==&gt; csp2s22c03: Forcing shutdown of VM...
==&gt; csp2s22c03: Destroying VM and associated drives...
==&gt; csp2s22c04: Forcing shutdown of VM...
==&gt; csp2s22c04: Destroying VM and associated drives...
==&gt; net2s22c05: Forcing shutdown of VM...
==&gt; net2s22c05: Destroying VM and associated drives...' does not contain 'Attempting graceful shutdown of VM'</msg>
<status status="FAIL" starttime="20220413 13:15:13.395" endtime="20220413 13:15:13.402"/>
</kw>
<status status="FAIL" starttime="20220413 13:15:01.933" endtime="20220413 13:15:13.402">'==&gt; csp2s22c03: You assigned a static IP ending in ".1" to this machine.
==&gt; csp2s22c03: This is very often used by the router and can cause the
==&gt; csp2s22c03: network to not work properly. If the network doesn't work
==&gt; csp2s22c03: properly, try changing this IP.
==&gt; csp2s22c03: You assigned a static IP ending in ".1" to this machine.
==&gt; csp2s22c03: This is very often used by the router and can cause the
==&gt; csp2s22c03: network to not work properly. If the network doesn't work
==&gt; csp2s22c03: properly, try changing this IP.
==&gt; csp2s22c03: Forcing shutdown of VM...
==&gt; csp2s22c03: Destroying VM and associated drives...
==&gt; csp2s22c04: Forcing shutdown of VM...
==&gt; csp2s22c04: Destroying VM and associated drives...
==&gt; net2s22c05: Forcing shutdown of VM...
==&gt; net2s22c05: Destroying VM and associated drives...' does not contain 'Attempting graceful shutdown of VM'</status>
</test>
<status status="FAIL" starttime="20220413 13:15:01.909" endtime="20220413 13:15:13.404"/>
</suite>
<statistics>
<total>
<stat pass="0" fail="1" skip="0">All Tests</stat>
</total>
<tag>
</tag>
<suite>
<stat pass="0" fail="1" skip="0" id="s1" name="Start">Start</stat>
</suite>
</statistics>
<errors>
</errors>
</robot>
